2019-Apr-14 23:10:34.538 DEBUG [restartedMain] o.s.w.c.ContextLoader - Published root WebApplicationContext as ServletContext attribute with name [org.springframework.web.context.WebApplicationContext.ROOT]
2019-Apr-14 23:10:34.539 INFO  [restartedMain] o.s.w.c.ContextLoader - Root WebApplicationContext: initialization completed in 245 ms
2019-Apr-14 23:10:34.549 DEBUG [restartedMain] o.h.v.i.e.r.TraversableResolvers - Cannot find javax.persistence.Persistence on classpath. Assuming non JPA 2 environment. All properties will per default be traversable.
2019-Apr-14 23:10:34.550 DEBUG [restartedMain] o.h.v.m.ResourceBundleMessageInterpolator - Loaded expression factory via original TCCL
2019-Apr-14 23:10:34.551 DEBUG [restartedMain] o.h.v.i.e.r.TraversableResolvers - Cannot find javax.persistence.Persistence on classpath. Assuming non JPA 2 environment. All properties will per default be traversable.
2019-Apr-14 23:10:34.552 DEBUG [restartedMain] o.h.v.i.e.ConfigurationImpl - Setting custom MessageInterpolator of type org.springframework.validation.beanvalidation.LocaleContextMessageInterpolator
2019-Apr-14 23:10:34.552 DEBUG [restartedMain] o.h.v.i.e.ConfigurationImpl - Setting custom ConstraintValidatorFactory of type org.springframework.validation.beanvalidation.SpringConstraintValidatorFactory
2019-Apr-14 23:10:34.552 DEBUG [restartedMain] o.h.v.i.e.ConfigurationImpl - Setting custom ParameterNameProvider of type org.springframework.validation.beanvalidation.LocalValidatorFactoryBean$1
2019-Apr-14 23:10:34.552 DEBUG [restartedMain] o.h.v.i.x.c.ValidationXmlParser - Trying to load META-INF/validation.xml for XML based Validator configuration.
2019-Apr-14 23:10:34.552 DEBUG [restartedMain] o.h.v.i.x.c.ResourceLoaderHelper - Trying to load META-INF/validation.xml via user class loader
2019-Apr-14 23:10:34.552 DEBUG [restartedMain] o.h.v.i.x.c.ResourceLoaderHelper - Trying to load META-INF/validation.xml via TCCL
2019-Apr-14 23:10:34.553 DEBUG [restartedMain] o.h.v.i.x.c.ResourceLoaderHelper - Trying to load META-INF/validation.xml via Hibernate Validator's class loader
2019-Apr-14 23:10:34.553 DEBUG [restartedMain] o.h.v.i.x.c.ValidationXmlParser - No META-INF/validation.xml found. Using annotation based configuration only.
2019-Apr-14 23:10:34.556 DEBUG [restartedMain] o.h.v.i.e.ValidatorFactoryImpl - HV000234: Using org.springframework.validation.beanvalidation.LocaleContextMessageInterpolator as ValidatorFactory-scoped message interpolator.
2019-Apr-14 23:10:34.557 DEBUG [restartedMain] o.h.v.i.e.ValidatorFactoryImpl - HV000234: Using org.hibernate.validator.internal.engine.resolver.TraverseAllTraversableResolver as ValidatorFactory-scoped traversable resolver.
2019-Apr-14 23:10:34.557 DEBUG [restartedMain] o.h.v.i.e.ValidatorFactoryImpl - HV000234: Using org.hibernate.validator.internal.util.ExecutableParameterNameProvider as ValidatorFactory-scoped parameter name provider.
2019-Apr-14 23:10:34.557 DEBUG [restartedMain] o.h.v.i.e.ValidatorFactoryImpl - HV000234: Using org.hibernate.validator.internal.engine.DefaultClockProvider as ValidatorFactory-scoped clock provider.
2019-Apr-14 23:10:34.557 DEBUG [restartedMain] o.h.v.i.e.ValidatorFactoryImpl - HV000234: Using org.hibernate.validator.internal.engine.scripting.DefaultScriptEvaluatorFactory as ValidatorFactory-scoped script evaluator factory.
2019-Apr-14 23:10:34.561 DEBUG [restartedMain] o.s.w.s.h.SimpleUrlHandlerMapping - Patterns [/**/favicon.ico] in 'faviconHandlerMapping'
2019-Apr-14 23:10:34.583 DEBUG [restartedMain] o.s.w.s.m.m.a.RequestMappingHandlerAdapter - ControllerAdvice beans: 0 @ModelAttribute, 0 @InitBinder, 1 RequestBodyAdvice, 1 ResponseBodyAdvice
2019-Apr-14 23:10:34.588 DEBUG [restartedMain] o.s.w.s.m.m.a.RequestMappingHandlerMapping - 2 mappings in 'requestMappingHandlerMapping'
2019-Apr-14 23:10:34.591 DEBUG [restartedMain] o.s.w.s.h.SimpleUrlHandlerMapping - Patterns [/webjars/**, /**] in 'resourceHandlerMapping'
2019-Apr-14 23:10:34.594 DEBUG [restartedMain] o.s.w.s.m.m.a.ExceptionHandlerExceptionResolver - ControllerAdvice beans: 0 @ExceptionHandler, 1 ResponseBodyAdvice
2019-Apr-14 23:10:34.631 WARN  [restartedMain] c.v.d.SpringBootLog4J2Application - Hey, This is a warning!
2019-Apr-14 23:10:34.631 ERROR [restartedMain] c.v.d.SpringBootLog4J2Application - Oops! We have an Error. OK
2019-Apr-14 23:10:34.631 ERROR [restartedMain] c.v.d.SpringBootLog4J2Application - Damn! Fatal error. Please fix me.
2019-Apr-14 23:11:08.771 DEBUG [background-preinit] o.h.v.m.ResourceBundleMessageInterpolator - Loaded expression factory via original TCCL
2019-Apr-14 23:11:08.778 DEBUG [background-preinit] o.h.v.i.e.ValidatorFactoryImpl - HV000234: Using org.hibernate.validator.messageinterpolation.ResourceBundleMessageInterpolator as ValidatorFactory-scoped message interpolator.
2019-Apr-14 23:11:08.778 DEBUG [background-preinit] o.h.v.i.e.ValidatorFactoryImpl - HV000234: Using org.hibernate.validator.internal.engine.resolver.TraverseAllTraversableResolver as ValidatorFactory-scoped traversable resolver.
2019-Apr-14 23:11:08.778 DEBUG [background-preinit] o.h.v.i.e.ValidatorFactoryImpl - HV000234: Using org.hibernate.validator.internal.util.ExecutableParameterNameProvider as ValidatorFactory-scoped parameter name provider.
2019-Apr-14 23:11:08.778 DEBUG [background-preinit] o.h.v.i.e.ValidatorFactoryImpl - HV000234: Using org.hibernate.validator.internal.engine.DefaultClockProvider as ValidatorFactory-scoped clock provider.
2019-Apr-14 23:11:08.778 DEBUG [background-preinit] o.h.v.i.e.ValidatorFactoryImpl - HV000234: Using org.hibernate.validator.internal.engine.scripting.DefaultScriptEvaluatorFactory as ValidatorFactory-scoped script evaluator factory.
2019-Apr-14 23:11:09.934 DEBUG [restartedMain] o.s.w.c.ContextLoader - Published root WebApplicationContext as ServletContext attribute with name [org.springframework.web.context.WebApplicationContext.ROOT]
2019-Apr-14 23:11:09.934 INFO  [restartedMain] o.s.w.c.ContextLoader - Root WebApplicationContext: initialization completed in 1066 ms
2019-Apr-14 23:11:09.996 DEBUG [restartedMain] o.h.v.i.e.r.TraversableResolvers - Cannot find javax.persistence.Persistence on classpath. Assuming non JPA 2 environment. All properties will per default be traversable.
2019-Apr-14 23:11:09.996 DEBUG [restartedMain] o.h.v.m.ResourceBundleMessageInterpolator - Loaded expression factory via original TCCL
2019-Apr-14 23:11:09.998 DEBUG [restartedMain] o.h.v.i.e.r.TraversableResolvers - Cannot find javax.persistence.Persistence on classpath. Assuming non JPA 2 environment. All properties will per default be traversable.
2019-Apr-14 23:11:10.000 DEBUG [restartedMain] o.h.v.i.e.ConfigurationImpl - Setting custom MessageInterpolator of type org.springframework.validation.beanvalidation.LocaleContextMessageInterpolator
2019-Apr-14 23:11:10.000 DEBUG [restartedMain] o.h.v.i.e.ConfigurationImpl - Setting custom ConstraintValidatorFactory of type org.springframework.validation.beanvalidation.SpringConstraintValidatorFactory
2019-Apr-14 23:11:10.001 DEBUG [restartedMain] o.h.v.i.e.ConfigurationImpl - Setting custom ParameterNameProvider of type org.springframework.validation.beanvalidation.LocalValidatorFactoryBean$1
2019-Apr-14 23:11:10.001 DEBUG [restartedMain] o.h.v.i.x.c.ValidationXmlParser - Trying to load META-INF/validation.xml for XML based Validator configuration.
2019-Apr-14 23:11:10.002 DEBUG [restartedMain] o.h.v.i.x.c.ResourceLoaderHelper - Trying to load META-INF/validation.xml via user class loader
2019-Apr-14 23:11:10.002 DEBUG [restartedMain] o.h.v.i.x.c.ResourceLoaderHelper - Trying to load META-INF/validation.xml via TCCL
2019-Apr-14 23:11:10.002 DEBUG [restartedMain] o.h.v.i.x.c.ResourceLoaderHelper - Trying to load META-INF/validation.xml via Hibernate Validator's class loader
2019-Apr-14 23:11:10.002 DEBUG [restartedMain] o.h.v.i.x.c.ValidationXmlParser - No META-INF/validation.xml found. Using annotation based configuration only.
2019-Apr-14 23:11:10.006 DEBUG [restartedMain] o.h.v.i.e.ValidatorFactoryImpl - HV000234: Using org.springframework.validation.beanvalidation.LocaleContextMessageInterpolator as ValidatorFactory-scoped message interpolator.
2019-Apr-14 23:11:10.006 DEBUG [restartedMain] o.h.v.i.e.ValidatorFactoryImpl - HV000234: Using org.hibernate.validator.internal.engine.resolver.TraverseAllTraversableResolver as ValidatorFactory-scoped traversable resolver.
2019-Apr-14 23:11:10.006 DEBUG [restartedMain] o.h.v.i.e.ValidatorFactoryImpl - HV000234: Using org.hibernate.validator.internal.util.ExecutableParameterNameProvider as ValidatorFactory-scoped parameter name provider.
2019-Apr-14 23:11:10.006 DEBUG [restartedMain] o.h.v.i.e.ValidatorFactoryImpl - HV000234: Using org.hibernate.validator.internal.engine.DefaultClockProvider as ValidatorFactory-scoped clock provider.
2019-Apr-14 23:11:10.007 DEBUG [restartedMain] o.h.v.i.e.ValidatorFactoryImpl - HV000234: Using org.hibernate.validator.internal.engine.scripting.DefaultScriptEvaluatorFactory as ValidatorFactory-scoped script evaluator factory.
2019-Apr-14 23:11:10.034 DEBUG [restartedMain] o.s.w.s.h.SimpleUrlHandlerMapping - Patterns [/**/favicon.ico] in 'faviconHandlerMapping'
2019-Apr-14 23:11:10.143 DEBUG [restartedMain] o.s.w.s.m.m.a.RequestMappingHandlerAdapter - ControllerAdvice beans: 0 @ModelAttribute, 0 @InitBinder, 1 RequestBodyAdvice, 1 ResponseBodyAdvice
2019-Apr-14 23:11:10.192 DEBUG [restartedMain] o.s.w.s.m.m.a.RequestMappingHandlerMapping - 2 mappings in 'requestMappingHandlerMapping'
2019-Apr-14 23:11:10.201 DEBUG [restartedMain] o.s.w.s.h.SimpleUrlHandlerMapping - Patterns [/webjars/**, /**] in 'resourceHandlerMapping'
2019-Apr-14 23:11:10.207 DEBUG [restartedMain] o.s.w.s.m.m.a.ExceptionHandlerExceptionResolver - ControllerAdvice beans: 0 @ExceptionHandler, 1 ResponseBodyAdvice
2019-Apr-14 23:11:10.331 WARN  [restartedMain] c.v.d.SpringBootLog4J2Application - Hey, This is a warning!
2019-Apr-14 23:11:10.332 ERROR [restartedMain] c.v.d.SpringBootLog4J2Application - Oops! We have an Error. OK
2019-Apr-14 23:11:10.332 ERROR [restartedMain] c.v.d.SpringBootLog4J2Application - Damn! Fatal error. Please fix me.
